2020-09-02 11:24:02 Notice: Notice (8): Undefined variable: sluggedTitle in [/Users/hukagawa/cms/src/Model/Table/ArticlesTable.php, line 18]
Request URL: /articles/add
Referer URL: http://localhost:8765/articles/add
Client IP: 127.0.0.1
Trace:
Cake\Error\BaseErrorHandler::handleError() - CORE/src/Error/BaseErrorHandler.php, line 168
Cake\Core\BasePlugin::{closure}() - ROOT/vendor/cakephp/debug_kit/config/bootstrap.php, line 43
App\Model\Table\ArticlesTable::beforeSave() - APP/Model/Table/ArticlesTable.php, line 18
Cake\Event\EventManager::_callListener() - CORE/src/Event/EventManager.php, line 351
Cake\Event\EventManager::dispatch() - CORE/src/Event/EventManager.php, line 328
Cake\ORM\Table::dispatchEvent() - CORE/src/Event/EventDispatcherTrait.php, line 112
Cake\ORM\Table::_processSave() - CORE/src/ORM/Table.php, line 2007
Cake\ORM\Table::Cake\ORM\{closure}() - CORE/src/ORM/Table.php, line 1941
Cake\ORM\Table::Cake\ORM\{closure}() - CORE/src/ORM/Table.php, line 1646
Cake\Database\Connection::transactional() - CORE/src/Database/Connection.php, line 746
Cake\ORM\Table::_executeTransaction() - CORE/src/ORM/Table.php, line 1647
Cake\ORM\Table::save() - CORE/src/ORM/Table.php, line 1942
App\Controller\ArticlesController::add() - APP/Controller/ArticlesController.php, line 39
Cake\Controller\Controller::invokeAction() - CORE/src/Controller/Controller.php, line 606
Cake\Http\ActionDispatcher::_invoke() - CORE/src/Http/ActionDispatcher.php, line 120
Cake\Http\ActionDispatcher::dispatch() - CORE/src/Http/ActionDispatcher.php, line 94
Cake\Http\BaseApplication::__invoke() - CORE/src/Http/BaseApplication.php, line 256
Cake\Http\Runner::__invoke() - CORE/src/Http/Runner.php, line 65
Cake\Http\Runner::__invoke() - CORE/src/Http/Runner.php, line 65
Cake\Http\Middleware\CsrfProtectionMiddleware::__invoke() - CORE/src/Http/Middleware/CsrfProtectionMiddleware.php, line 124
Cake\Http\Runner::__invoke() - CORE/src/Http/Runner.php, line 65
Cake\Http\Runner::run() - CORE/src/Http/Runner.php, line 51
Cake\Routing\Middleware\RoutingMiddleware::__invoke() - CORE/src/Routing/Middleware/RoutingMiddleware.php, line 170
Cake\Http\Runner::__invoke() - CORE/src/Http/Runner.php, line 65
Cake\Routing\Middleware\AssetMiddleware::__invoke() - CORE/src/Routing/Middleware/AssetMiddleware.php, line 88
Cake\Http\Runner::__invoke() - CORE/src/Http/Runner.php, line 65
Cake\Error\Middleware\ErrorHandlerMiddleware::__invoke() - CORE/src/Error/Middleware/ErrorHandlerMiddleware.php, line 96
Cake\Http\Runner::__invoke() - CORE/src/Http/Runner.php, line 65
DebugKit\Middleware\DebugKitMiddleware::__invoke() - ROOT/vendor/cakephp/debug_kit/src/Middleware/DebugKitMiddleware.php, line 53
Cake\Http\Runner::__invoke() - CORE/src/Http/Runner.php, line 65
Cake\Http\Runner::run() - CORE/src/Http/Runner.php, line 51
Cake\Http\Server::run() - CORE/src/Http/Server.php, line 97
[main] - ROOT/webroot/index.php, line 40



2020-09-03 02:12:23 Notice: Notice (8): Undefined variable: tags in [/Users/hukagawa/cms/src/Template/Articles/add.ctp, line 8]
Request URL: /articles/add
Referer URL: http://localhost:8765/articles
Client IP: 127.0.0.1
Trace:
Cake\Error\BaseErrorHandler::handleError() - CORE/src/Error/BaseErrorHandler.php, line 168
Cake\Core\BasePlugin::{closure}() - ROOT/vendor/cakephp/debug_kit/config/bootstrap.php, line 43
include - APP/Template/Articles/add.ctp, line 8
Cake\View\View::_evaluate() - CORE/src/View/View.php, line 1435
Cake\View\View::_render() - CORE/src/View/View.php, line 1393
Cake\View\View::render() - CORE/src/View/View.php, line 892
Cake\Controller\Controller::render() - CORE/src/Controller/Controller.php, line 791
Cake\Http\ActionDispatcher::_invoke() - CORE/src/Http/ActionDispatcher.php, line 126
Cake\Http\ActionDispatcher::dispatch() - CORE/src/Http/ActionDispatcher.php, line 94
Cake\Http\BaseApplication::__invoke() - CORE/src/Http/BaseApplication.php, line 256
Cake\Http\Runner::__invoke() - CORE/src/Http/Runner.php, line 65
Cake\Http\Runner::__invoke() - CORE/src/Http/Runner.php, line 65
Cake\Http\Middleware\CsrfProtectionMiddleware::__invoke() - CORE/src/Http/Middleware/CsrfProtectionMiddleware.php, line 124
Cake\Http\Runner::__invoke() - CORE/src/Http/Runner.php, line 65
Cake\Http\Runner::run() - CORE/src/Http/Runner.php, line 51
Cake\Routing\Middleware\RoutingMiddleware::__invoke() - CORE/src/Routing/Middleware/RoutingMiddleware.php, line 170
Cake\Http\Runner::__invoke() - CORE/src/Http/Runner.php, line 65
Cake\Routing\Middleware\AssetMiddleware::__invoke() - CORE/src/Routing/Middleware/AssetMiddleware.php, line 88
Cake\Http\Runner::__invoke() - CORE/src/Http/Runner.php, line 65
Cake\Error\Middleware\ErrorHandlerMiddleware::__invoke() - CORE/src/Error/Middleware/ErrorHandlerMiddleware.php, line 96
Cake\Http\Runner::__invoke() - CORE/src/Http/Runner.php, line 65
DebugKit\Middleware\DebugKitMiddleware::__invoke() - ROOT/vendor/cakephp/debug_kit/src/Middleware/DebugKitMiddleware.php, line 53
Cake\Http\Runner::__invoke() - CORE/src/Http/Runner.php, line 65
Cake\Http\Runner::run() - CORE/src/Http/Runner.php, line 51
Cake\Http\Server::run() - CORE/src/Http/Server.php, line 97
[main] - ROOT/webroot/index.php, line 40



